------------------------------------------
Backup of:
20180601_1847_RNA_Control_RL3/raw
20180613_1856_hsa-dRNASeq-HeLa-Total-A3RL5-1/raw
20180620_1930_hsa-dRNASeq-HeLa-Total-REL3-1/raw
20190409_1941_hsa-dRNASeq-HeLa-polyA-PNK-REL5-1/raw
20190419_dRNASeq-HeLa-polyA-ladder/raw
20190515-hsa.dRNASeq.HeLa.polyA.REL5.long/raw
20190531-hsa.dRNASeq.HeLa.polyA.REL5OH.long/raw
20190607-hsa.dRNASeq.HeLa.polyA.decap.REL5.long/raw
20190614-hsa.dRNASeq.HeLa.polyA.CIP.decap.REL5.long/raw
20190628-hsa.dRNASeq.HeLa.total.REL3.long.1/raw
Backup started on: Sat Apr  4 18:08:43 EDT 2020
Backup to: s3://ribothrypsis-data-nanopore
date	source_dir	file_name	file_size	md5sum	bucket
Sat Apr  4 18:09:17 EDT 2020	/home/joppelt/projects/ribothrypsis/data/minion/20180601_1847_RNA_Control_RL3/raw	20180601_1847_RNA_Control_RL3.tar.gz	747376771	e19642f8c4fee34860bfc905b4197d11	s3://ribothrypsis-data-nanopore
date	source_dir	file_name	file_size	md5sum	bucket
Sat Apr  4 18:09:19 EDT 2020	/home/joppelt/projects/ribothrypsis/data/minion/20180613_1856_hsa-dRNASeq-HeLa-Total-A3RL5-1/raw	20180613_1856_hsa-dRNASeq-HeLa-Total-A3RL5-1.tar.gz	333	09647d4791be95d9d9d4e2c65799dc9d	s3://ribothrypsis-data-nanopore
date	source_dir	file_name	file_size	md5sum	bucket
Sat Apr  4 18:09:19 EDT 2020	/home/joppelt/projects/ribothrypsis/data/minion/20180620_1930_hsa-dRNASeq-HeLa-Total-REL3-1/raw	20180620_1930_hsa-dRNASeq-HeLa-Total-REL3-1.tar.gz	335	a9130a7fb1c2a1602ce3a850675bd37a	s3://ribothrypsis-data-nanopore
date	source_dir	file_name	file_size	md5sum	bucket
Sat Apr  4 19:54:49 EDT 2020	/home/joppelt/projects/ribothrypsis/data/minion/20190409_1941_hsa-dRNASeq-HeLa-polyA-PNK-REL5-1/raw	20190409_1941_hsa-dRNASeq-HeLa-polyA-PNK-REL5-1.tar.gz	157394136085	d63d71d0fb7cde5f3262267859ed33c6	s3://ribothrypsis-data-nanopore
date	source_dir	file_name	file_size	md5sum	bucket
Sat Apr  4 20:00:06 EDT 2020	/home/joppelt/projects/ribothrypsis/data/minion/20190419_dRNASeq-HeLa-polyA-ladder/raw	20190419_dRNASeq-HeLa-polyA-ladder.tar.gz	309	07945a64ee228c95911ad190ac8397d5	s3://ribothrypsis-data-nanopore
date	source_dir	file_name	file_size	md5sum	bucket
Sat Apr  4 20:00:06 EDT 2020	/home/joppelt/projects/ribothrypsis/data/minion/20190515-hsa.dRNASeq.HeLa.polyA.REL5.long/raw	20190515-hsa.dRNASeq.HeLa.polyA.REL5.long.tar.gz	318	aed317f3e77250d3b1b3de823525e93c	s3://ribothrypsis-data-nanopore
date	source_dir	file_name	file_size	md5sum	bucket
Sat Apr  4 20:00:06 EDT 2020	/home/joppelt/projects/ribothrypsis/data/minion/20190531-hsa.dRNASeq.HeLa.polyA.REL5OH.long/raw	20190531-hsa.dRNASeq.HeLa.polyA.REL5OH.long.tar.gz	335	87b535a3bc29bb56db9f80b09601f789	s3://ribothrypsis-data-nanopore
date	source_dir	file_name	file_size	md5sum	bucket
Sat Apr  4 20:46:58 EDT 2020	/home/joppelt/projects/ribothrypsis/data/minion/20190607-hsa.dRNASeq.HeLa.polyA.decap.REL5.long/raw	20190607-hsa.dRNASeq.HeLa.polyA.decap.REL5.long.tar.gz	70850289537	21a8350d411c682f623d903c0bea4e37	s3://ribothrypsis-data-nanopore
date	source_dir	file_name	file_size	md5sum	bucket
Sat Apr  4 22:36:32 EDT 2020	/home/joppelt/projects/ribothrypsis/data/minion/20190614-hsa.dRNASeq.HeLa.polyA.CIP.decap.REL5.long/raw	20190614-hsa.dRNASeq.HeLa.polyA.CIP.decap.REL5.long.tar.gz	158998531789	6df577d6a71051f6b2c2838c42e1d2da	s3://ribothrypsis-data-nanopore
date	source_dir	file_name	file_size	md5sum	bucket
Sat Apr  4 22:41:53 EDT 2020	/home/joppelt/projects/ribothrypsis/data/minion/20190628-hsa.dRNASeq.HeLa.total.REL3.long.1/raw	20190628-hsa.dRNASeq.HeLa.total.REL3.long.1.tar.gz	332	c087bba4c974982954d3541c0e36e82b	s3://ribothrypsis-data-nanopore
------------------------------------------
Backup of 20190109_1933_hsa-dRNASeq-HeLa-Total-REL3-REL5-1/raw
20190304_2301_hsa-dRNASeq-HeLa-polyA-REL5-1/raw
20180420_1610_RNA_Control/raw
Backup started on: Fri Apr  3 14:41:36 EDT 2020
Backup to: s3://ribothrypsis-data-nanopore
date	source_dir	name	file_size	md5sum	bucket
Fri Apr  3 14:48:57 EDT 2020	/home/mns/workspace/projects/ribothrypsis/data/minion//20190109_1933_hsa-dRNASeq-HeLa-Total-REL3-REL5-1/raw
20190109_1933_hsa-dRNASeq-HeLa-Total-REL3-REL5-1.tar.gz	
f820b77b5678af972197d1514a0e571f  /home/joppelt/playground/glacier_test/20190109_1933_hsa-dRNASeq-HeLa-Total-REL3-REL5-1.tar.gz	s3://ribothrypsis-data-nanopore
------------------------------------------
Backup of:
20190304_2301_hsa-dRNASeq-HeLa-polyA-REL5-1/raw
20180420_1610_RNA_Control/raw
Backup started on: Fri Apr  3 15:44:42 EDT 2020
Backup to: s3://ribothrypsis-data-nanopore
date	source_dir	name	file_size	md5sum	bucket
Fri Apr  3 17:29:01 EDT 2020	/home/mns/workspace/projects/ribothrypsis/data/minion//20190304_2301_hsa-dRNASeq-HeLa-polyA-REL5-1/raw	20190304_2301_hsa-dRNASeq-HeLa-polyA-REL5-1.tar.gz	155135448033	24f1fb3da04472763a9168257c7f78e5  /home/joppelt/playground/glacier_test/20190304_2301_hsa-dRNASeq-HeLa-polyA-REL5-1.tar.gz	s3://ribothrypsis-data-nanopore
date	source_dir	name	file_size	md5sum	bucket
Fri Apr  3 18:24:50 EDT 2020	/home/mns/workspace/projects/ribothrypsis/data/minion//20180420_1610_RNA_Control/raw	20180420_1610_RNA_Control.tar.gz	244	5db7c1f7e3e774f4c533915408616ea3  /home/joppelt/playground/glacier_test/20180420_1610_RNA_Control.tar.gz	s3://ribothrypsis-data-nanopore
------------------------------------------
Backup of:
20190109_1933_hsa-dRNASeq-HeLa-Total-REL3-REL5-1/raw
Backup started on: Fri Apr  3 18:31:34 EDT 2020
Backup to: s3://ribothrypsis-data-nanopore
date	source_dir	name	file_size	md5sum	bucket
Fri Apr  3 18:39:17 EDT 2020	/home/mns/workspace/projects/ribothrypsis/data/minion//20190109_1933_hsa-dRNASeq-HeLa-Total-REL3-REL5-1/raw	20190109_1933_hsa-dRNASeq-HeLa-Total-REL3-REL5-1.tar.gz	8621810701	3af14a4d915421fa63ac48d460fd2c43  /home/joppelt/playground/glacier_test/20190109_1933_hsa-dRNASeq-HeLa-Total-REL3-REL5-1.tar.gz	s3://ribothrypsis-data-nanopore
------------------------------------------
Backup of:
20180420_1610_RNA_Control/raw
Backup started on: Fri Apr  3 21:50:27 EDT 2020
Backup to: s3://ribothrypsis-data-nanopore
date	source_dir	name	file_size	md5sum	bucket
Fri Apr  3 21:54:45 EDT 2020	/home/mns/workspace/projects/ribothrypsis/data/minion/20180420_1610_RNA_Control/raw	20180420_1610_RNA_Control.tar.gz	5709300059	7a902f1640dde869449bc828c73bc7ee  /home/joppelt/playground/glacier_test/20180420_1610_RNA_Control.tar.gz	s3://ribothrypsis-data-nanopore
------------------------------------------
Backup of:
20190829-hsa.dRNASeq.HeLa.polyA.REL3.long.atail/raw
20190906-hsa.dRNASeq.HeLa.total.REL3.long.atail.1/raw
20190912-hsa.dRNASeq.HeLa.total.REL3.long.atail.2.a/raw
20190920-hsa.dRNASeq.HeLa.total.REL3.long.atail.2.b/raw
20190926-hsa.dRNASeq.HeLa.total.REL3.long.2.a/raw
20191001-hsa.dRNASeq.HeLa.total.REL3.long.2.b/raw
20191023-sc.dRNASeq.RCS.REL5.long.REL3.atail/raw
20191023-sc.dRNASeq.RCS.REL5.long.REL3.long/raw
20191104-hsa.dRNASeq.HeLa.total.REL3.2/raw
20191111-hsa.dRNASeq.HeLa.total.REL3.3/raw
20191203-hsa.dRNASeq.HeLa.total.REL5.long.REL3.1/raw
20191206-hsa.dRNASeq.HeLa.total.REL5.long.REL3.2/raw
20191210-hsa.dRNASeq.HeLa.total.REL5.long.REL3.3.a/raw
20191213-hsa.dRNASeq.HeLa.total.REL5.long.REL3.4/raw
20200109-hsa.dRNASeq.293T.polyA.XRN1KO.Clow.5OH.REL5.long.1/raw
20200110-hsa.dRNASeq.HeLa.total.REL5.long.REL3.5/raw
20200114-hsa-dRNASeq.293T.polyA.XRN1KO.CHi.REL5.long.1/raw
20200114-hsa-dRNASeq.293T.polyA.XRN1KO.REL5.long.1/raw
20200129-hsa.dRNASeq.HeLa.total.REL5.long.REL3.6/raw
20200129-hsa.dRNASeq.HeLa.total.REL5.long.REL3.7/raw
20200131-hsa.dRNASeq.HeLa.polyA.CIP.decap.REL5.long.2.a/raw
20200131-hsa.dRNASeq.HeLa.polyA.CIP.decap.REL5.long.2.b/raw
20200206-hsa-dRNASeq.293T.polyA.XRN1KO.REL5.long.1/raw
20200211-hsa.dRNASeq.HeLa.polyA.CIP.decap.REL5.long.3/raw
20200219-hsa.dRNASeq.HeLa.total.REL5.long.REL3.8/raw
20200219-hsa.dRNASeq.HeLa.total.REL5.long.REL3.9/raw
20200227-hsa.dRNASeq.HeLa.total.REL5.long.REL3.10/raw
Backup started on: Fri Apr  3 22:20:39 EDT 2020
Backup to: s3://ribothrypsis-data-nanopore
date	source_dir	name	file_size	md5sum	bucket
Fri Apr  3 23:00:01 EDT 2020	/home/joppelt/projects/ribothrypsis/data/minion/20190829-hsa.dRNASeq.HeLa.polyA.REL3.long.atail/raw	20190829-hsa.dRNASeq.HeLa.polyA.REL3.long.atail.tar.gz	55155375006	3b3e806342952ce8106ff1bab859d959	s3://ribothrypsis-data-nanopore
date	source_dir	name	file_size	md5sum	bucket
Fri Apr  3 23:42:01 EDT 2020	/home/joppelt/projects/ribothrypsis/data/minion/20190906-hsa.dRNASeq.HeLa.total.REL3.long.atail.1/raw	20190906-hsa.dRNASeq.HeLa.total.REL3.long.atail.1.tar.gz	30293025880	6f1b50a8700b4ec0217c0794cc35a8ba	s3://ribothrypsis-data-nanopore
date	source_dir	name	file_size	md5sum	bucket
Sat Apr  4 00:36:52 EDT 2020	/home/joppelt/projects/ribothrypsis/data/minion/20190912-hsa.dRNASeq.HeLa.total.REL3.long.atail.2.a/raw	20190912-hsa.dRNASeq.HeLa.total.REL3.long.atail.2.a.tar.gz	65022972704	77d8cb6822d843f23984234eaea287f0	s3://ribothrypsis-data-nanopore
date	source_dir	name	file_size	md5sum	bucket
Sat Apr  4 01:37:36 EDT 2020	/home/joppelt/projects/ribothrypsis/data/minion/20190920-hsa.dRNASeq.HeLa.total.REL3.long.atail.2.b/raw	20190920-hsa.dRNASeq.HeLa.total.REL3.long.atail.2.b.tar.gz	54894770669	b1f7271a69e951717e03227e89cdcc95	s3://ribothrypsis-data-nanopore
date	source_dir	name	file_size	md5sum	bucket
Sat Apr  4 02:00:36 EDT 2020	/home/joppelt/projects/ribothrypsis/data/minion/20190926-hsa.dRNASeq.HeLa.total.REL3.long.2.a/raw	20190926-hsa.dRNASeq.HeLa.total.REL3.long.2.a.tar.gz	4491016142	4b2f26a5f34d4c502f907aaf51d2cc55	s3://ribothrypsis-data-nanopore
date	source_dir	name	file_size	md5sum	bucket
Sat Apr  4 02:04:22 EDT 2020	/home/joppelt/projects/ribothrypsis/data/minion/20191001-hsa.dRNASeq.HeLa.total.REL3.long.2.b/raw	20191001-hsa.dRNASeq.HeLa.total.REL3.long.2.b.tar.gz	2798166817	11c4ac25a086094a1ad1c0ccde039ac6	s3://ribothrypsis-data-nanopore
date	source_dir	name	file_size	md5sum	bucket
Sat Apr  4 02:05:36 EDT 2020	/home/joppelt/projects/ribothrypsis/data/minion/20191023-sc.dRNASeq.RCS.REL5.long.REL3.atail/raw	20191023-sc.dRNASeq.RCS.REL5.long.REL3.atail.tar.gz	312321862	6171d77db73365aee272d50b68b6c0a6	s3://ribothrypsis-data-nanopore
date	source_dir	name	file_size	md5sum	bucket
Sat Apr  4 02:05:51 EDT 2020	/home/joppelt/projects/ribothrypsis/data/minion/20191023-sc.dRNASeq.RCS.REL5.long.REL3.long/raw	20191023-sc.dRNASeq.RCS.REL5.long.REL3.long.tar.gz	164986329	fdae006c6830dfdbc3c098da940bb0a3	s3://ribothrypsis-data-nanopore
date	source_dir	name	file_size	md5sum	bucket
Sat Apr  4 03:24:37 EDT 2020	/home/joppelt/projects/ribothrypsis/data/minion/20191104-hsa.dRNASeq.HeLa.total.REL3.2/raw	20191104-hsa.dRNASeq.HeLa.total.REL3.2.tar.gz	112982572995	143f0539b81dc9848adb03805dc0ec50	s3://ribothrypsis-data-nanopore
date	source_dir	name	file_size	md5sum	bucket
Sat Apr  4 05:38:30 EDT 2020	/home/joppelt/projects/ribothrypsis/data/minion/20191111-hsa.dRNASeq.HeLa.total.REL3.3/raw	20191111-hsa.dRNASeq.HeLa.total.REL3.3.tar.gz	138741465658	6e6c332fe2393da658ad6540ec1380de	s3://ribothrypsis-data-nanopore
date	source_dir	name	file_size	md5sum	bucket
Sat Apr  4 07:13:09 EDT 2020	/home/joppelt/projects/ribothrypsis/data/minion/20191203-hsa.dRNASeq.HeLa.total.REL5.long.REL3.1/raw	20191203-hsa.dRNASeq.HeLa.total.REL5.long.REL3.1.tar.gz	64815917000	da530dd0ba3d2f4ff523de6834634479	s3://ribothrypsis-data-nanopore
date	source_dir	name	file_size	md5sum	bucket
Sat Apr  4 07:43:01 EDT 2020	/home/joppelt/projects/ribothrypsis/data/minion/20191206-hsa.dRNASeq.HeLa.total.REL5.long.REL3.2/raw	20191206-hsa.dRNASeq.HeLa.total.REL5.long.REL3.2.tar.gz	9850786527	16b6e9c35ca7fda407e78f60994c8476	s3://ribothrypsis-data-nanopore
date	source_dir	name	file_size	md5sum	bucket
Sat Apr  4 07:52:34 EDT 2020	/home/joppelt/projects/ribothrypsis/data/minion/20191210-hsa.dRNASeq.HeLa.total.REL5.long.REL3.3.a/raw	20191210-hsa.dRNASeq.HeLa.total.REL5.long.REL3.3.a.tar.gz	8348770334	3f43a6444493b238745902493f051926	s3://ribothrypsis-data-nanopore
date	source_dir	name	file_size	md5sum	bucket
Sat Apr  4 08:45:51 EDT 2020	/home/joppelt/projects/ribothrypsis/data/minion/20191213-hsa.dRNASeq.HeLa.total.REL5.long.REL3.4/raw	20191213-hsa.dRNASeq.HeLa.total.REL5.long.REL3.4.tar.gz	69298020425	d900a27b83b3b25fe9376d006fe802a8	s3://ribothrypsis-data-nanopore
date	source_dir	name	file_size	md5sum	bucket
Sat Apr  4 09:12:18 EDT 2020	/home/joppelt/projects/ribothrypsis/data/minion/20200109-hsa.dRNASeq.293T.polyA.XRN1KO.Clow.5OH.REL5.long.1/raw	20200109-hsa.dRNASeq.293T.polyA.XRN1KO.Clow.5OH.REL5.long.1.tar.gz	2258042432	3bd2622336210fa530a33cc0826fda45	s3://ribothrypsis-data-nanopore
date	source_dir	name	file_size	md5sum	bucket
Sat Apr  4 09:20:30 EDT 2020	/home/joppelt/projects/ribothrypsis/data/minion/20200110-hsa.dRNASeq.HeLa.total.REL5.long.REL3.5/raw	20200110-hsa.dRNASeq.HeLa.total.REL5.long.REL3.5.tar.gz	10393467727	844bc597275e0a9d859557ec1fd45c87	s3://ribothrypsis-data-nanopore
date	source_dir	name	file_size	md5sum	bucket
Sat Apr  4 10:18:53 EDT 2020	/home/joppelt/projects/ribothrypsis/data/minion/20200114-hsa-dRNASeq.293T.polyA.XRN1KO.CHi.REL5.long.1/raw	20200114-hsa-dRNASeq.293T.polyA.XRN1KO.CHi.REL5.long.1.tar.gz	77022960028	604e387f2c5643a99d69da94cd131dbe	s3://ribothrypsis-data-nanopore
date	source_dir	name	file_size	md5sum	bucket
Sat Apr  4 12:10:26 EDT 2020	/home/joppelt/projects/ribothrypsis/data/minion/20200114-hsa-dRNASeq.293T.polyA.XRN1KO.REL5.long.1/raw	20200114-hsa-dRNASeq.293T.polyA.XRN1KO.REL5.long.1.tar.gz	108485836526	561128dd0b723d297ec195d0d63c020f	s3://ribothrypsis-data-nanopore
date	source_dir	name	file_size	md5sum	bucket
Sat Apr  4 12:50:22 EDT 2020	/home/joppelt/projects/ribothrypsis/data/minion/20200129-hsa.dRNASeq.HeLa.total.REL5.long.REL3.6/raw	20200129-hsa.dRNASeq.HeLa.total.REL5.long.REL3.6.tar.gz	1590439282	5b4eee51c9f6d713ac460dcaa38e8a68	s3://ribothrypsis-data-nanopore
date	source_dir	name	file_size	md5sum	bucket
Sat Apr  4 12:53:19 EDT 2020	/home/joppelt/projects/ribothrypsis/data/minion/20200129-hsa.dRNASeq.HeLa.total.REL5.long.REL3.7/raw	20200129-hsa.dRNASeq.HeLa.total.REL5.long.REL3.7.tar.gz	3066113032	886f2ad79c9ae5ed15d8f4a23a445a38	s3://ribothrypsis-data-nanopore
date	source_dir	name	file_size	md5sum	bucket
Sat Apr  4 13:48:43 EDT 2020	/home/joppelt/projects/ribothrypsis/data/minion/20200131-hsa.dRNASeq.HeLa.polyA.CIP.decap.REL5.long.2.a/raw	20200131-hsa.dRNASeq.HeLa.polyA.CIP.decap.REL5.long.2.a.tar.gz	81256817563	3a8eb3dfa58a01aefb229d241708d6be	s3://ribothrypsis-data-nanopore
date	source_dir	name	file_size	md5sum	bucket
Sat Apr  4 15:22:09 EDT 2020	/home/joppelt/projects/ribothrypsis/data/minion/20200131-hsa.dRNASeq.HeLa.polyA.CIP.decap.REL5.long.2.b/raw	20200131-hsa.dRNASeq.HeLa.polyA.CIP.decap.REL5.long.2.b.tar.gz	96577554895	22f8015af3fba953daaba0d66d09ffc0	s3://ribothrypsis-data-nanopore
date	source_dir	name	file_size	md5sum	bucket
Sat Apr  4 16:31:24 EDT 2020	/home/joppelt/projects/ribothrypsis/data/minion/20200206-hsa-dRNASeq.293T.polyA.XRN1KO.REL5.long.1/raw	20200206-hsa-dRNASeq.293T.polyA.XRN1KO.REL5.long.1.tar.gz	49722137056	5e509e878602800e7cdc86eede1abe36	s3://ribothrypsis-data-nanopore
date	source_dir	name	file_size	md5sum	bucket
Sat Apr  4 16:59:49 EDT 2020	/home/joppelt/projects/ribothrypsis/data/minion/20200211-hsa.dRNASeq.HeLa.polyA.CIP.decap.REL5.long.3/raw	20200211-hsa.dRNASeq.HeLa.polyA.CIP.decap.REL5.long.3.tar.gz	14790044152	1ebe855bbaee703a7ba07da92110df1a	s3://ribothrypsis-data-nanopore
date	source_dir	name	file_size	md5sum	bucket
Sat Apr  4 17:06:39 EDT 2020	/home/joppelt/projects/ribothrypsis/data/minion/20200219-hsa.dRNASeq.HeLa.total.REL5.long.REL3.8/raw	20200219-hsa.dRNASeq.HeLa.total.REL5.long.REL3.8.tar.gz	1945722943	e436cfae4b84a4f8831dd03d42ab4c25	s3://ribothrypsis-data-nanopore
date	source_dir	name	file_size	md5sum	bucket
Sat Apr  4 17:08:38 EDT 2020	/home/joppelt/projects/ribothrypsis/data/minion/20200219-hsa.dRNASeq.HeLa.total.REL5.long.REL3.9/raw	20200219-hsa.dRNASeq.HeLa.total.REL5.long.REL3.9.tar.gz	1620341362	5b75e3511be079d5222757d69645593a	s3://ribothrypsis-data-nanopore
date	source_dir	name	file_size	md5sum	bucket
Sat Apr  4 17:43:11 EDT 2020	/home/joppelt/projects/ribothrypsis/data/minion/20200227-hsa.dRNASeq.HeLa.total.REL5.long.REL3.10/raw	20200227-hsa.dRNASeq.HeLa.total.REL5.long.REL3.10.tar.gz	49881894369	177a2d00daf736f26cd9f432f5f2ab2d	s3://ribothrypsis-data-nanopore
