------------------------------------------
Backup of:
codon-adaptation
dist-from-annot-ends
distro-on-meta-gene
gene-levels
genomic-distro
nt-composition
polya
primer_design
protein_levels
protein_vs_expression
rel5-size-distro
rel-pos-distro
rel-pos-to-gquad
size-distro
Backup started on: Tue Apr 14 16:41:22 EDT 2020
Backup to: s3://ribothrypsis-analysis-manolis
date	source_dir	file_name	file_size	md5sum	bucket
Tue Apr 14 16:43:36 EDT 2020	/home/mns/workspace/projects/ribothrypsis/analysis/codon-adaptation	codon-adaptation.tar.gz	374065993	372fe575648d8cd9d285073b8a229110	s3://ribothrypsis-analysis-manolis
date	source_dir	file_name	file_size	md5sum	bucket
Tue Apr 14 16:44:03 EDT 2020	/home/mns/workspace/projects/ribothrypsis/analysis/dist-from-annot-ends	dist-from-annot-ends.tar.gz	240353541	83d6027339beeb4b1d06dc22dc189511	s3://ribothrypsis-analysis-manolis
date	source_dir	file_name	file_size	md5sum	bucket
Tue Apr 14 16:48:34 EDT 2020	/home/mns/workspace/projects/ribothrypsis/analysis/distro-on-meta-gene	distro-on-meta-gene.tar.gz	2090538627	b687d344f205512c376b6911c9e55027	s3://ribothrypsis-analysis-manolis
date	source_dir	file_name	file_size	md5sum	bucket
Tue Apr 14 16:49:28 EDT 2020	/home/mns/workspace/projects/ribothrypsis/analysis/gene-levels	gene-levels.tar.gz	44360027	270f35bee397302a05c25acb9ace6d42	s3://ribothrypsis-analysis-manolis
date	source_dir	file_name	file_size	md5sum	bucket
Tue Apr 14 16:49:32 EDT 2020	/home/mns/workspace/projects/ribothrypsis/analysis/genomic-distro	genomic-distro.tar.gz	74513	1e93dac149543f1882b40274ac543d6a	s3://ribothrypsis-analysis-manolis
date	source_dir	file_name	file_size	md5sum	bucket
Tue Apr 14 16:49:35 EDT 2020	/home/mns/workspace/projects/ribothrypsis/analysis/nt-composition	nt-composition.tar.gz	6661336	72659c188fbb0c8e7c90a70268dca458	s3://ribothrypsis-analysis-manolis
date	source_dir	file_name	file_size	md5sum	bucket
Tue Apr 14 16:51:15 EDT 2020	/home/mns/workspace/projects/ribothrypsis/analysis/polya	polya.tar.gz	739053957	7183b3279f656ee5d31ad2866f3ff1fe	s3://ribothrypsis-analysis-manolis
date	source_dir	file_name	file_size	md5sum	bucket
Tue Apr 14 16:58:32 EDT 2020	/home/mns/workspace/projects/ribothrypsis/analysis/primer_design	primer_design.tar.gz	696004671	0dccf1bfe9698cc4e964c0791a483baa	s3://ribothrypsis-analysis-manolis
date	source_dir	file_name	file_size	md5sum	bucket
Tue Apr 14 16:59:00 EDT 2020	/home/mns/workspace/projects/ribothrypsis/analysis/protein_levels	protein_levels.tar.gz	132002245	121f76002bb225fbf59d12e86ec2efbf	s3://ribothrypsis-analysis-manolis
date	source_dir	file_name	file_size	md5sum	bucket
Tue Apr 14 16:59:08 EDT 2020	/home/mns/workspace/projects/ribothrypsis/analysis/protein_vs_expression	protein_vs_expression.tar.gz	2414890	d10a46701dd792c60e11e994fb7a2450	s3://ribothrypsis-analysis-manolis
date	source_dir	file_name	file_size	md5sum	bucket
Tue Apr 14 16:59:09 EDT 2020	/home/mns/workspace/projects/ribothrypsis/analysis/rel5-size-distro	rel5-size-distro.tar.gz	73817	44df79d43b786251c226f149bcbf47d4	s3://ribothrypsis-analysis-manolis
date	source_dir	file_name	file_size	md5sum	bucket
Tue Apr 14 16:59:11 EDT 2020	/home/mns/workspace/projects/ribothrypsis/analysis/rel-pos-distro	rel-pos-distro.tar.gz	3642190	a5f93a500d8e58085fe03231af6c5ff6	s3://ribothrypsis-analysis-manolis
date	source_dir	file_name	file_size	md5sum	bucket
Tue Apr 14 16:59:14 EDT 2020	/home/mns/workspace/projects/ribothrypsis/analysis/rel-pos-to-gquad	rel-pos-to-gquad.tar.gz	4428630	6243b76e91dba79d89a574c37526bb2b	s3://ribothrypsis-analysis-manolis
date	source_dir	file_name	file_size	md5sum	bucket
Tue Apr 14 16:59:17 EDT 2020	/home/mns/workspace/projects/ribothrypsis/analysis/size-distro	size-distro.tar.gz	6512429	f528e18f9b323651f83c1ce8aee8a5cb	s3://ribothrypsis-analysis-manolis
------------------------------------------
Backup of:
akron_counts_on_snRNAs
akron_polyA_counts
codon_adaptation
codon_composition
conservation
correlations
dist_from_codon
distro_on_meta_gene
genomic_distro
GO_analysis
gquad_pred
mirnas
motif
nt_composition
orf_distro
pacbio_dist_from_exons
pacbio_sizes
pacbio_tails_composition
read_counts
relative_pos_distro
sample_correlation
secondary_structure
size_distro
stability
Backup started on: Wed Apr 15 12:39:59 EDT 2020
Backup to: s3://akron-analysis-manolis
------------------------------------------
Backup of:
akron_counts_on_snRNAs
akron_polyA_counts
codon_adaptation
codon_composition
conservation
correlations
dist_from_codon
distro_on_meta_gene
genomic_distro
GO_analysis
gquad_pred
mirnas
motif
nt_composition
orf_distro
pacbio_dist_from_exons
pacbio_sizes
pacbio_tails_composition
read_counts
relative_pos_distro
sample_correlation
secondary_structure
size_distro
stability
Backup started on: Wed Apr 15 12:42:50 EDT 2020
Backup to: s3://akron-analysis-manolis
