------------------------------------------
Backup of:
ath.dRNASeq.inclERCC.PRJEB32782.ERR3764346.polyA.CIP.decap.REL5.1
ath.dRNASeq.inclERCC.PRJEB32782.ERR3764350.polyA.CIP.decap.REL5.1
hsa.Akron3Seq.HeLa.whole.1
hsa.Akron3Seq.HeLa.whole.2
hsa.Akron5Seq.HeLa.whole.2
hsa.Akron5Seq.HeLa.whole.3
hsa.Akron5Seq.HeLa.whole.4
hsa.CAGE.HeLa.cytosolic.polyA.ENCSR000CJH.1
hsa.CAGE.HeLa.cytosolic.polyA.ENCSR000CJH.2
hsa.CAGE.HeLa.cytosolic.polyA.ENCSR000CJS.1
hsa.CAGE.HeLa.nuclear.polyA.ENCSR000CJI.1
hsa.CAGE.HeLa.nuclear.polyA.ENCSR000CJI.2
hsa.CAGE.HeLa.nuclear.polyA.ENCSR000CLH.1
hsa.CAGE.HeLa.nuclear.polyA.ENCSR000CLH.2
hsa.CAGE.HeLa.nucleolus.polyA.ENCSR000CJT.1
hsa.CAGE.HeLa.xxx.polyA.ENCSR000CJJ.1
hsa.CAGE.HeLa.xxx.polyA.ENCSR000CJJ.2
hsa.cDNASeq.CEPH1463.polyA.1
hsa.dRNASeq.293T.polyA.XRN1KO.REL5.long.2
hsa.dRNASeq.HeLa.polyA.CIP.decap.REL5.long.1
hsa.dRNASeq.HeLa.polyA.decap.REL5.long.1
hsa.dRNASeq.HeLa.polyA.PNK.REL5.1
hsa.dRNASeq.HeLa.polyA.REL3.long.atail.1
hsa.dRNASeq.HeLa.polyA.REL5.1
hsa.dRNASeq.HeLa.polyA.REL5.long.1
hsa.dRNASeq.HeLa.polyA.REL5OH.long.1
hsa.dRNASeq.HeLa.total.REL3.1
hsa.dRNASeq.HeLa.total.REL3.2
hsa.dRNASeq.HeLa.total.REL3.3
hsa.dRNASeq.HeLa.total.REL3.long.atail.1
hsa.dRNASeq.HeLa.total.REL3.long.atail.2
hsa.dRNASeq.HeLa.total.REL5.long.REL3.10
hsa.dRNASeq.HeLa.total.REL5.long.REL3.4
hsa.dRNASeq.HeLa.total.REL5.long.REL3.5
hsa.dRNASeq.HeLa.total.REL5.long.REL3.6
hsa.dRNASeq.HeLa.total.REL5.long.REL3.8
hsa.dRNASeq.HeLa.total.REL5.long.REL3.9
hsa.RiboSeq.HEK293T.WT.1
hsa.RiboSeq.HEK293T.WT.2
hsa.RiboSeq.HEK293T.XRN1KO.1
hsa.RiboSeq.HEK293T.XRN1KO.2
hsa.RiboSeq.HeLa.15_34.1
hsa.RiboSeq.HeLa.15_34.2
hsa.RiboSeq.HeLa.async.2
hsa.RiboSeq.HeLa.Gln_6hr.15_34.1
hsa.RiboSeq.HeLa.Gln_6hr.CHXTIG.15_34.1
hsa.RiboSeq.HeLa.Gln_9hr.15_34.1
hsa.RNASeq.HeLa.async.1
hsa.RNASeq.HeLa.async.2
hsa.RNASeq.HeLa.cytosolic.polyA.ENCSR000CPP.1
hsa.RNASeq.HeLa.cytosolic.polyA.ENCSR000CPP.2
hsa.RNASeq.HeLa.cytosolic.polyA.ENCSR000CQT.1
hsa.RNASeq.HeLa.nuclear.polyA.ENCSR000CPQ.1
hsa.RNASeq.HeLa.nuclear.polyA.ENCSR000CPQ.2
hsa.RNASeq.HeLa.xxx.polyA.ENCSR000CPR.1
hsa.RNASeq.HeLa.xxx.polyA.ENCSR000CPR.2
mmu.cDNASeq.inclSIRV.PRJEB27590.ERR2680377.1
mmu.cDNASeq.inclSIRV.PRJEB27590.ERR3363658.1
mmu.cDNASeq.inclSIRV.PRJEB27590.ERR3363660.1
mmu.dRNASeq.inclSIRV.PRJEB27590.ERR2680375.1
mmu.dRNASeq.inclSIRV.PRJEB27590.ERR2680379.1
mmu.dRNASeq.inclSIRV.PRJEB27590.ERR3363657.1
mmu.dRNASeq.inclSIRV.PRJEB27590.ERR3363659.1
other
sc.ontcDNASeq.polyA+.1
sc.ontRNASeq.polyA+.1
sc.ontRNASeq.polyA+.2
sc.ontRNASeq.polyA+.3
sc.ontRNASeq.polyA+.4
sc.ontRNASeq.polyA+.5
sc-RCS.dRNA-Seq
sc-RCS.dRNA-Seq.1
sc-RCS.dRNA-Seq.REL3.1
sc-RCS.dRNA-Seq.REL5.long.REL3.long.1
sc-RCS.dRNA-Seq.REL5.long.REL3.long.atail.1
sc.RiboSeq.tcpseq.Syo1.RS
sc.RiboSeq.tcpseq.Syo1.SSU
sc.RiboSeq.tcpseq.WT.input
sc.RiboSeq.tcpseq.WT.RS
sc.RiboSeq.tcpseq.WT.SSU
Backup started on: Mon Apr  6 19:33:22 EDT 2020
Backup to: s3://ribothrypsis-samples-jan
date	source_dir	file_name	file_size	md5sum	bucket
Mon Apr  6 19:39:20 EDT 2020	/home/joppelt/projects/ribothrypsis/samples/ath.dRNASeq.inclERCC.PRJEB32782.ERR3764346.polyA.CIP.decap.REL5.1	ath.dRNASeq.inclERCC.PRJEB32782.ERR3764346.polyA.CIP.decap.REL5.1.tar.gz	6319135277	a3c01a2f69a1b06804e9a0df8322b5b1	s3://ribothrypsis-samples-jan
date	source_dir	file_name	file_size	md5sum	bucket
Mon Apr  6 19:45:30 EDT 2020	/home/joppelt/projects/ribothrypsis/samples/ath.dRNASeq.inclERCC.PRJEB32782.ERR3764350.polyA.CIP.decap.REL5.1	ath.dRNASeq.inclERCC.PRJEB32782.ERR3764350.polyA.CIP.decap.REL5.1.tar.gz	3912787238	2f745e8377e610830cdd5ce48e580426	s3://ribothrypsis-samples-jan
date	source_dir	file_name	file_size	md5sum	bucket
Mon Apr  6 19:46:55 EDT 2020	/home/joppelt/projects/ribothrypsis/samples/hsa.Akron3Seq.HeLa.whole.1	hsa.Akron3Seq.HeLa.whole.1.tar.gz	632	6c4c36fc1ab9d5e5bd126a5c93c21fb6	s3://ribothrypsis-samples-jan
date	source_dir	file_name	file_size	md5sum	bucket
Mon Apr  6 19:46:55 EDT 2020	/home/joppelt/projects/ribothrypsis/samples/hsa.Akron3Seq.HeLa.whole.2	hsa.Akron3Seq.HeLa.whole.2.tar.gz	627	91b270a190dfd5dafca9c2a0a47c1583	s3://ribothrypsis-samples-jan
date	source_dir	file_name	file_size	md5sum	bucket
Mon Apr  6 19:46:56 EDT 2020	/home/joppelt/projects/ribothrypsis/samples/hsa.Akron5Seq.HeLa.whole.2	hsa.Akron5Seq.HeLa.whole.2.tar.gz	641	561c18ffad4dc9dc2a57d4bcc21032d5	s3://ribothrypsis-samples-jan
date	source_dir	file_name	file_size	md5sum	bucket
Mon Apr  6 19:46:57 EDT 2020	/home/joppelt/projects/ribothrypsis/samples/hsa.Akron5Seq.HeLa.whole.3	hsa.Akron5Seq.HeLa.whole.3.tar.gz	627	99d4b586ba558f62fe126d67009ec13c	s3://ribothrypsis-samples-jan
date	source_dir	file_name	file_size	md5sum	bucket
Mon Apr  6 19:46:57 EDT 2020	/home/joppelt/projects/ribothrypsis/samples/hsa.Akron5Seq.HeLa.whole.4	hsa.Akron5Seq.HeLa.whole.4.tar.gz	616	e38ac46622c920273ee3b4dbd0aa5429	s3://ribothrypsis-samples-jan
date	source_dir	file_name	file_size	md5sum	bucket
Mon Apr  6 19:49:44 EDT 2020	/home/joppelt/projects/ribothrypsis/samples/hsa.CAGE.HeLa.cytosolic.polyA.ENCSR000CJH.1	hsa.CAGE.HeLa.cytosolic.polyA.ENCSR000CJH.1.tar.gz	3961412515	c17c678e58038effea472248e5770160	s3://ribothrypsis-samples-jan
date	source_dir	file_name	file_size	md5sum	bucket
Mon Apr  6 19:54:06 EDT 2020	/home/joppelt/projects/ribothrypsis/samples/hsa.CAGE.HeLa.cytosolic.polyA.ENCSR000CJH.2	hsa.CAGE.HeLa.cytosolic.polyA.ENCSR000CJH.2.tar.gz	4255475568	885016f8e3fdb8187dea0a1c54ba640d	s3://ribothrypsis-samples-jan
date	source_dir	file_name	file_size	md5sum	bucket
Mon Apr  6 19:58:40 EDT 2020	/home/joppelt/projects/ribothrypsis/samples/hsa.CAGE.HeLa.cytosolic.polyA.ENCSR000CJS.1	hsa.CAGE.HeLa.cytosolic.polyA.ENCSR000CJS.1.tar.gz	4467821629	f02894635a8f0b0d75d4c10548f017b5	s3://ribothrypsis-samples-jan
date	source_dir	file_name	file_size	md5sum	bucket
Mon Apr  6 20:02:34 EDT 2020	/home/joppelt/projects/ribothrypsis/samples/hsa.CAGE.HeLa.nuclear.polyA.ENCSR000CJI.1	hsa.CAGE.HeLa.nuclear.polyA.ENCSR000CJI.1.tar.gz	3355691454	85b640998255568588cc0510050f6d28	s3://ribothrypsis-samples-jan
date	source_dir	file_name	file_size	md5sum	bucket
Mon Apr  6 20:07:26 EDT 2020	/home/joppelt/projects/ribothrypsis/samples/hsa.CAGE.HeLa.nuclear.polyA.ENCSR000CJI.2	hsa.CAGE.HeLa.nuclear.polyA.ENCSR000CJI.2.tar.gz	5306011480	08f16fb2b35722ea33ee8cc40a04d95b	s3://ribothrypsis-samples-jan
date	source_dir	file_name	file_size	md5sum	bucket
Mon Apr  6 20:11:24 EDT 2020	/home/joppelt/projects/ribothrypsis/samples/hsa.CAGE.HeLa.nuclear.polyA.ENCSR000CLH.1	hsa.CAGE.HeLa.nuclear.polyA.ENCSR000CLH.1.tar.gz	2715563113	0496ef4234b9b609a060e512500c7470	s3://ribothrypsis-samples-jan
date	source_dir	file_name	file_size	md5sum	bucket
Mon Apr  6 20:14:17 EDT 2020	/home/joppelt/projects/ribothrypsis/samples/hsa.CAGE.HeLa.nuclear.polyA.ENCSR000CLH.2	hsa.CAGE.HeLa.nuclear.polyA.ENCSR000CLH.2.tar.gz	2727526696	999a51b9da8c3b6b84e41a0fa8e2aa09	s3://ribothrypsis-samples-jan
date	source_dir	file_name	file_size	md5sum	bucket
Mon Apr  6 20:19:44 EDT 2020	/home/joppelt/projects/ribothrypsis/samples/hsa.CAGE.HeLa.nucleolus.polyA.ENCSR000CJT.1	hsa.CAGE.HeLa.nucleolus.polyA.ENCSR000CJT.1.tar.gz	6379916746	4ebe11d985d1401c4f27eca4ac179969	s3://ribothrypsis-samples-jan
date	source_dir	file_name	file_size	md5sum	bucket
Mon Apr  6 20:25:16 EDT 2020	/home/joppelt/projects/ribothrypsis/samples/hsa.CAGE.HeLa.xxx.polyA.ENCSR000CJJ.1	hsa.CAGE.HeLa.xxx.polyA.ENCSR000CJJ.1.tar.gz	4758922463	c7a847f4bef77ed82fd465e441255c5e	s3://ribothrypsis-samples-jan
date	source_dir	file_name	file_size	md5sum	bucket
Mon Apr  6 20:30:13 EDT 2020	/home/joppelt/projects/ribothrypsis/samples/hsa.CAGE.HeLa.xxx.polyA.ENCSR000CJJ.2	hsa.CAGE.HeLa.xxx.polyA.ENCSR000CJJ.2.tar.gz	4542236089	1220088da73f26c54798517c275b94a6	s3://ribothrypsis-samples-jan
date	source_dir	file_name	file_size	md5sum	bucket
Mon Apr  6 20:50:48 EDT 2020	/home/joppelt/projects/ribothrypsis/samples/hsa.cDNASeq.CEPH1463.polyA.1	hsa.cDNASeq.CEPH1463.polyA.1.tar.gz	30795064284	7b16da240a85158c0f4d6feb839ce865	s3://ribothrypsis-samples-jan
date	source_dir	file_name	file_size	md5sum	bucket
Mon Apr  6 21:10:10 EDT 2020	/home/joppelt/projects/ribothrypsis/samples/hsa.dRNASeq.293T.polyA.XRN1KO.REL5.long.2	hsa.dRNASeq.293T.polyA.XRN1KO.REL5.long.2.tar.gz	6628651747	d8603d48468b9de8ff9a85abb680c03c	s3://ribothrypsis-samples-jan
date	source_dir	file_name	file_size	md5sum	bucket
Mon Apr  6 21:43:52 EDT 2020	/home/joppelt/projects/ribothrypsis/samples/hsa.dRNASeq.HeLa.polyA.CIP.decap.REL5.long.1	hsa.dRNASeq.HeLa.polyA.CIP.decap.REL5.long.1.tar.gz	26601703999	a45f0e2fe563bc3fd8c898970766fbf6	s3://ribothrypsis-samples-jan
date	source_dir	file_name	file_size	md5sum	bucket
Mon Apr  6 22:07:23 EDT 2020	/home/joppelt/projects/ribothrypsis/samples/hsa.dRNASeq.HeLa.polyA.decap.REL5.long.1	hsa.dRNASeq.HeLa.polyA.decap.REL5.long.1.tar.gz	11741127929	4797445894df3791a2b13dbbb3a702d2	s3://ribothrypsis-samples-jan
date	source_dir	file_name	file_size	md5sum	bucket
Mon Apr  6 22:40:52 EDT 2020	/home/joppelt/projects/ribothrypsis/samples/hsa.dRNASeq.HeLa.polyA.PNK.REL5.1	hsa.dRNASeq.HeLa.polyA.PNK.REL5.1.tar.gz	22422300455	92d502c6db226c6204906a154567a2cb	s3://ribothrypsis-samples-jan
date	source_dir	file_name	file_size	md5sum	bucket
Mon Apr  6 22:59:23 EDT 2020	/home/joppelt/projects/ribothrypsis/samples/hsa.dRNASeq.HeLa.polyA.REL3.long.atail.1	hsa.dRNASeq.HeLa.polyA.REL3.long.atail.1.tar.gz	8667200984	ea94bce4da2437aa997ca7c8320e03e4	s3://ribothrypsis-samples-jan
date	source_dir	file_name	file_size	md5sum	bucket
Mon Apr  6 23:30:15 EDT 2020	/home/joppelt/projects/ribothrypsis/samples/hsa.dRNASeq.HeLa.polyA.REL5.1	hsa.dRNASeq.HeLa.polyA.REL5.1.tar.gz	21677876050	a3237f95d4b6ff4203b484e8f46fa95d	s3://ribothrypsis-samples-jan
date	source_dir	file_name	file_size	md5sum	bucket
Tue Apr  7 00:16:34 EDT 2020	/home/joppelt/projects/ribothrypsis/samples/hsa.dRNASeq.HeLa.polyA.REL5.long.1	hsa.dRNASeq.HeLa.polyA.REL5.long.1.tar.gz	32921020305	049007915f5ff533a162dcba7f5740f8	s3://ribothrypsis-samples-jan
date	source_dir	file_name	file_size	md5sum	bucket
Tue Apr  7 01:00:17 EDT 2020	/home/joppelt/projects/ribothrypsis/samples/hsa.dRNASeq.HeLa.polyA.REL5OH.long.1	hsa.dRNASeq.HeLa.polyA.REL5OH.long.1.tar.gz	26473474272	593a08b436ab567d53d9109d3cfed580	s3://ribothrypsis-samples-jan
date	source_dir	file_name	file_size	md5sum	bucket
Tue Apr  7 01:14:58 EDT 2020	/home/joppelt/projects/ribothrypsis/samples/hsa.dRNASeq.HeLa.total.REL3.1	hsa.dRNASeq.HeLa.total.REL3.1.tar.gz	4383340808	c884eb0f1b66bc74f5540b9f934e6a3b	s3://ribothrypsis-samples-jan
date	source_dir	file_name	file_size	md5sum	bucket
Tue Apr  7 01:43:25 EDT 2020	/home/joppelt/projects/ribothrypsis/samples/hsa.dRNASeq.HeLa.total.REL3.2	hsa.dRNASeq.HeLa.total.REL3.2.tar.gz	20521842745	bcdc70b29e12d3b85103b3825f04fc23	s3://ribothrypsis-samples-jan
date	source_dir	file_name	file_size	md5sum	bucket
Tue Apr  7 02:25:38 EDT 2020	/home/joppelt/projects/ribothrypsis/samples/hsa.dRNASeq.HeLa.total.REL3.3	hsa.dRNASeq.HeLa.total.REL3.3.tar.gz	26283024681	2875a06f6705f1c6b683243ae65b7d66	s3://ribothrypsis-samples-jan
date	source_dir	file_name	file_size	md5sum	bucket
Tue Apr  7 02:38:24 EDT 2020	/home/joppelt/projects/ribothrypsis/samples/hsa.dRNASeq.HeLa.total.REL3.long.atail.1	hsa.dRNASeq.HeLa.total.REL3.long.atail.1.tar.gz	3197521681	630360d46e69e0c10fb5c8f7dc368ace	s3://ribothrypsis-samples-jan
date	source_dir	file_name	file_size	md5sum	bucket
Tue Apr  7 03:03:23 EDT 2020	/home/joppelt/projects/ribothrypsis/samples/hsa.dRNASeq.HeLa.total.REL3.long.atail.2	hsa.dRNASeq.HeLa.total.REL3.long.atail.2.tar.gz	21983472974	302176de353e17e988529dc2cf2c8962	s3://ribothrypsis-samples-jan
date	source_dir	file_name	file_size	md5sum	bucket
Tue Apr  7 03:20:10 EDT 2020	/home/joppelt/projects/ribothrypsis/samples/hsa.dRNASeq.HeLa.total.REL5.long.REL3.10	hsa.dRNASeq.HeLa.total.REL5.long.REL3.10.tar.gz	8813384125	8169ed538f255a8b4855383953da7cd7	s3://ribothrypsis-samples-jan
date	source_dir	file_name	file_size	md5sum	bucket
Tue Apr  7 03:36:18 EDT 2020	/home/joppelt/projects/ribothrypsis/samples/hsa.dRNASeq.HeLa.total.REL5.long.REL3.4	hsa.dRNASeq.HeLa.total.REL5.long.REL3.4.tar.gz	11137313709	a676f8df41ec1bcb688707e9f9ec5996	s3://ribothrypsis-samples-jan
date	source_dir	file_name	file_size	md5sum	bucket
Tue Apr  7 03:42:37 EDT 2020	/home/joppelt/projects/ribothrypsis/samples/hsa.dRNASeq.HeLa.total.REL5.long.REL3.5	hsa.dRNASeq.HeLa.total.REL5.long.REL3.5.tar.gz	1790016245	2cb6c9928116a6f93c4db08334f59c5f	s3://ribothrypsis-samples-jan
date	source_dir	file_name	file_size	md5sum	bucket
Tue Apr  7 03:43:55 EDT 2020	/home/joppelt/projects/ribothrypsis/samples/hsa.dRNASeq.HeLa.total.REL5.long.REL3.6	hsa.dRNASeq.HeLa.total.REL5.long.REL3.6.tar.gz	583593274	c59e677bce7343c4294b46f3447baa81	s3://ribothrypsis-samples-jan
date	source_dir	file_name	file_size	md5sum	bucket
Tue Apr  7 03:44:17 EDT 2020	/home/joppelt/projects/ribothrypsis/samples/hsa.dRNASeq.HeLa.total.REL5.long.REL3.8	hsa.dRNASeq.HeLa.total.REL5.long.REL3.8.tar.gz	192358708	2bc457474ff8e736e458f804ef9e8b62	s3://ribothrypsis-samples-jan
date	source_dir	file_name	file_size	md5sum	bucket
Tue Apr  7 03:44:32 EDT 2020	/home/joppelt/projects/ribothrypsis/samples/hsa.dRNASeq.HeLa.total.REL5.long.REL3.9	hsa.dRNASeq.HeLa.total.REL5.long.REL3.9.tar.gz	164440181	162ee17baf440227531537595823397f	s3://ribothrypsis-samples-jan
date	source_dir	file_name	file_size	md5sum	bucket
Tue Apr  7 03:55:45 EDT 2020	/home/joppelt/projects/ribothrypsis/samples/hsa.RiboSeq.HEK293T.WT.1	hsa.RiboSeq.HEK293T.WT.1.tar.gz	15236472463	eebcdcd2a27831ce0b57cfc471eb2ab5	s3://ribothrypsis-samples-jan
date	source_dir	file_name	file_size	md5sum	bucket
Tue Apr  7 04:21:25 EDT 2020	/home/joppelt/projects/ribothrypsis/samples/hsa.RiboSeq.HEK293T.WT.2	hsa.RiboSeq.HEK293T.WT.2.tar.gz	26036959328	a5acffe5e881b88bc21c8a9b29aedf93	s3://ribothrypsis-samples-jan
date	source_dir	file_name	file_size	md5sum	bucket
Tue Apr  7 04:56:48 EDT 2020	/home/joppelt/projects/ribothrypsis/samples/hsa.RiboSeq.HEK293T.XRN1KO.1	hsa.RiboSeq.HEK293T.XRN1KO.1.tar.gz	36259234157	50de0a424bf4350831cc26258ceb02ee	s3://ribothrypsis-samples-jan
date	source_dir	file_name	file_size	md5sum	bucket
Tue Apr  7 05:32:41 EDT 2020	/home/joppelt/projects/ribothrypsis/samples/hsa.RiboSeq.HEK293T.XRN1KO.2	hsa.RiboSeq.HEK293T.XRN1KO.2.tar.gz	31099931290	c221c864ee89053b6fb61a5391b32ed7	s3://ribothrypsis-samples-jan
date	source_dir	file_name	file_size	md5sum	bucket
Tue Apr  7 05:43:50 EDT 2020	/home/joppelt/projects/ribothrypsis/samples/hsa.RiboSeq.HeLa.15_34.1	hsa.RiboSeq.HeLa.15_34.1.tar.gz	693	118125b510b0195e51e174d44abc2c3f	s3://ribothrypsis-samples-jan
date	source_dir	file_name	file_size	md5sum	bucket
Tue Apr  7 05:43:50 EDT 2020	/home/joppelt/projects/ribothrypsis/samples/hsa.RiboSeq.HeLa.15_34.2	hsa.RiboSeq.HeLa.15_34.2.tar.gz	678	c152d669e8c977b43a20fc8fb3e20421	s3://ribothrypsis-samples-jan
date	source_dir	file_name	file_size	md5sum	bucket
Tue Apr  7 05:43:51 EDT 2020	/home/joppelt/projects/ribothrypsis/samples/hsa.RiboSeq.HeLa.async.2	hsa.RiboSeq.HeLa.async.2.tar.gz	649	794c61137c0e896b1d472866e46a1975	s3://ribothrypsis-samples-jan
date	source_dir	file_name	file_size	md5sum	bucket
Tue Apr  7 05:43:51 EDT 2020	/home/joppelt/projects/ribothrypsis/samples/hsa.RiboSeq.HeLa.Gln_6hr.15_34.1	hsa.RiboSeq.HeLa.Gln_6hr.15_34.1.tar.gz	697	54d1d18034cb4a189d579aead253609d	s3://ribothrypsis-samples-jan
date	source_dir	file_name	file_size	md5sum	bucket
Tue Apr  7 05:43:52 EDT 2020	/home/joppelt/projects/ribothrypsis/samples/hsa.RiboSeq.HeLa.Gln_6hr.CHXTIG.15_34.1	hsa.RiboSeq.HeLa.Gln_6hr.CHXTIG.15_34.1.tar.gz	691	096d186325f35cc28b48d595128bf3ee	s3://ribothrypsis-samples-jan
date	source_dir	file_name	file_size	md5sum	bucket
Tue Apr  7 05:43:53 EDT 2020	/home/joppelt/projects/ribothrypsis/samples/hsa.RiboSeq.HeLa.Gln_9hr.15_34.1	hsa.RiboSeq.HeLa.Gln_9hr.15_34.1.tar.gz	678	0fad952390caf0c39a3de4b1dacf449b	s3://ribothrypsis-samples-jan
date	source_dir	file_name	file_size	md5sum	bucket
Tue Apr  7 06:01:16 EDT 2020	/home/joppelt/projects/ribothrypsis/samples/hsa.RNASeq.HeLa.async.1	hsa.RNASeq.HeLa.async.1.tar.gz	20250708373	73d523eb282ae3cd1a11d75d17c90e82	s3://ribothrypsis-samples-jan
date	source_dir	file_name	file_size	md5sum	bucket
Tue Apr  7 06:28:08 EDT 2020	/home/joppelt/projects/ribothrypsis/samples/hsa.RNASeq.HeLa.async.2	hsa.RNASeq.HeLa.async.2.tar.gz	26400722467	5651a578838d26bc6d0442498b3d22c3	s3://ribothrypsis-samples-jan
date	source_dir	file_name	file_size	md5sum	bucket
Tue Apr  7 07:42:20 EDT 2020	/home/joppelt/projects/ribothrypsis/samples/hsa.RNASeq.HeLa.cytosolic.polyA.ENCSR000CPP.1	hsa.RNASeq.HeLa.cytosolic.polyA.ENCSR000CPP.1.tar.gz	90030209414	2daec7f43cee9467213eb605c36f8c5f	s3://ribothrypsis-samples-jan
date	source_dir	file_name	file_size	md5sum	bucket
Tue Apr  7 09:07:06 EDT 2020	/home/joppelt/projects/ribothrypsis/samples/hsa.RNASeq.HeLa.cytosolic.polyA.ENCSR000CPP.2	hsa.RNASeq.HeLa.cytosolic.polyA.ENCSR000CPP.2.tar.gz	77016257694	3edd71e4480a386ed5c1483fdf646e05	s3://ribothrypsis-samples-jan
date	source_dir	file_name	file_size	md5sum	bucket
Tue Apr  7 10:04:54 EDT 2020	/home/joppelt/projects/ribothrypsis/samples/hsa.RNASeq.HeLa.cytosolic.polyA.ENCSR000CQT.1	hsa.RNASeq.HeLa.cytosolic.polyA.ENCSR000CQT.1.tar.gz	44375376933	e4f3fee93d3ecfc87aae517ce4974a73	s3://ribothrypsis-samples-jan
date	source_dir	file_name	file_size	md5sum	bucket
Tue Apr  7 10:59:44 EDT 2020	/home/joppelt/projects/ribothrypsis/samples/hsa.RNASeq.HeLa.nuclear.polyA.ENCSR000CPQ.1	hsa.RNASeq.HeLa.nuclear.polyA.ENCSR000CPQ.1.tar.gz	52679158368	49f3d8d0cb93a41c5ce13a349f7759d4	s3://ribothrypsis-samples-jan
date	source_dir	file_name	file_size	md5sum	bucket
Tue Apr  7 12:12:25 EDT 2020	/home/joppelt/projects/ribothrypsis/samples/hsa.RNASeq.HeLa.nuclear.polyA.ENCSR000CPQ.2	hsa.RNASeq.HeLa.nuclear.polyA.ENCSR000CPQ.2.tar.gz	71092731992	027b10d7d86c63060c6e87b1b71a4142	s3://ribothrypsis-samples-jan
date	source_dir	file_name	file_size	md5sum	bucket
Tue Apr  7 13:42:33 EDT 2020	/home/joppelt/projects/ribothrypsis/samples/hsa.RNASeq.HeLa.xxx.polyA.ENCSR000CPR.1	hsa.RNASeq.HeLa.xxx.polyA.ENCSR000CPR.1.tar.gz	86517569537	de7302585e7f5e633028a65ebdd1878e	s3://ribothrypsis-samples-jan
date	source_dir	file_name	file_size	md5sum	bucket
Tue Apr  7 15:14:38 EDT 2020	/home/joppelt/projects/ribothrypsis/samples/hsa.RNASeq.HeLa.xxx.polyA.ENCSR000CPR.2	hsa.RNASeq.HeLa.xxx.polyA.ENCSR000CPR.2.tar.gz	89216925140	502dcf19c11cbb31673b926328446e90	s3://ribothrypsis-samples-jan
date	source_dir	file_name	file_size	md5sum	bucket
Tue Apr  7 16:01:25 EDT 2020	/home/joppelt/projects/ribothrypsis/samples/mmu.cDNASeq.inclSIRV.PRJEB27590.ERR2680377.1	mmu.cDNASeq.inclSIRV.PRJEB27590.ERR2680377.1.tar.gz	10886237662	7cec2484657263dbbdf6d9d913c82446	s3://ribothrypsis-samples-jan
date	source_dir	file_name	file_size	md5sum	bucket
Tue Apr  7 17:25:53 EDT 2020	/home/joppelt/projects/ribothrypsis/samples/mmu.cDNASeq.inclSIRV.PRJEB27590.ERR3363658.1	mmu.cDNASeq.inclSIRV.PRJEB27590.ERR3363658.1.tar.gz	59192297240	a81fc3ef221321bb937945d1749a8a7b	s3://ribothrypsis-samples-jan
date	source_dir	file_name	file_size	md5sum	bucket
Tue Apr  7 18:22:55 EDT 2020	/home/joppelt/projects/ribothrypsis/samples/mmu.cDNASeq.inclSIRV.PRJEB27590.ERR3363660.1	mmu.cDNASeq.inclSIRV.PRJEB27590.ERR3363660.1.tar.gz	27243863808	ee1a230c9eec52adfbc21bba888b940b	s3://ribothrypsis-samples-jan
date	source_dir	file_name	file_size	md5sum	bucket
Tue Apr  7 18:40:21 EDT 2020	/home/joppelt/projects/ribothrypsis/samples/mmu.dRNASeq.inclSIRV.PRJEB27590.ERR2680375.1	mmu.dRNASeq.inclSIRV.PRJEB27590.ERR2680375.1.tar.gz	4353052946	5c9ac197a12ce22397df2e25bf97e976	s3://ribothrypsis-samples-jan
date	source_dir	file_name	file_size	md5sum	bucket
Tue Apr  7 18:48:39 EDT 2020	/home/joppelt/projects/ribothrypsis/samples/mmu.dRNASeq.inclSIRV.PRJEB27590.ERR2680379.1	mmu.dRNASeq.inclSIRV.PRJEB27590.ERR2680379.1.tar.gz	3679614669	765fb24ac0714bbe9a0c1a2c26014813	s3://ribothrypsis-samples-jan
date	source_dir	file_name	file_size	md5sum	bucket
Tue Apr  7 18:56:27 EDT 2020	/home/joppelt/projects/ribothrypsis/samples/mmu.dRNASeq.inclSIRV.PRJEB27590.ERR3363657.1	mmu.dRNASeq.inclSIRV.PRJEB27590.ERR3363657.1.tar.gz	3555488294	c63d1ee393b04bc6939e61a7e3b53b9b	s3://ribothrypsis-samples-jan
date	source_dir	file_name	file_size	md5sum	bucket
Tue Apr  7 19:01:19 EDT 2020	/home/joppelt/projects/ribothrypsis/samples/mmu.dRNASeq.inclSIRV.PRJEB27590.ERR3363659.1	mmu.dRNASeq.inclSIRV.PRJEB27590.ERR3363659.1.tar.gz	1906948544	f5482d764492367220d9394cfa32a35c	s3://ribothrypsis-samples-jan
date	source_dir	file_name	file_size	md5sum	bucket
Tue Apr  7 19:51:37 EDT 2020	/home/joppelt/projects/ribothrypsis/samples/other	other.tar.gz	82947630292	62ae4ac6616d4161e35a7090a19ae0cc	s3://ribothrypsis-samples-jan
date	source_dir	file_name	file_size	md5sum	bucket
Tue Apr  7 20:21:18 EDT 2020	/home/joppelt/projects/ribothrypsis/samples/sc.ontcDNASeq.polyA+.1	sc.ontcDNASeq.polyA+.1.tar.gz	669	a5b24b625d62856cb936398c7c42443a	s3://ribothrypsis-samples-jan
date	source_dir	file_name	file_size	md5sum	bucket
Tue Apr  7 20:21:19 EDT 2020	/home/joppelt/projects/ribothrypsis/samples/sc.ontRNASeq.polyA+.1	sc.ontRNASeq.polyA+.1.tar.gz	666	a5922783711a598a678d8e48506b228b	s3://ribothrypsis-samples-jan
date	source_dir	file_name	file_size	md5sum	bucket
Tue Apr  7 20:21:19 EDT 2020	/home/joppelt/projects/ribothrypsis/samples/sc.ontRNASeq.polyA+.2	sc.ontRNASeq.polyA+.2.tar.gz	656	4d2837dd613d9324517f2f224a0c725b	s3://ribothrypsis-samples-jan
date	source_dir	file_name	file_size	md5sum	bucket
Tue Apr  7 20:21:20 EDT 2020	/home/joppelt/projects/ribothrypsis/samples/sc.ontRNASeq.polyA+.3	sc.ontRNASeq.polyA+.3.tar.gz	654	b9ccb21b9b6c42580132bdfaa1d33e99	s3://ribothrypsis-samples-jan
date	source_dir	file_name	file_size	md5sum	bucket
Tue Apr  7 20:21:21 EDT 2020	/home/joppelt/projects/ribothrypsis/samples/sc.ontRNASeq.polyA+.4	sc.ontRNASeq.polyA+.4.tar.gz	652	6dbf82f7333e95483f9dc1e68c7c030b	s3://ribothrypsis-samples-jan
date	source_dir	file_name	file_size	md5sum	bucket
Tue Apr  7 20:21:21 EDT 2020	/home/joppelt/projects/ribothrypsis/samples/sc.ontRNASeq.polyA+.5	sc.ontRNASeq.polyA+.5.tar.gz	660	2ffda7bdc4116362fcbf0a150f85004c	s3://ribothrypsis-samples-jan
date	source_dir	file_name	file_size	md5sum	bucket
Tue Apr  7 20:21:22 EDT 2020	/home/joppelt/projects/ribothrypsis/samples/sc-RCS.dRNA-Seq	sc-RCS.dRNA-Seq.tar.gz	423	3350f3a2905b6fc134664fdb1afdfc48	s3://ribothrypsis-samples-jan
date	source_dir	file_name	file_size	md5sum	bucket
Tue Apr  7 20:21:25 EDT 2020	/home/joppelt/projects/ribothrypsis/samples/sc-RCS.dRNA-Seq.1	sc-RCS.dRNA-Seq.1.tar.gz	72476915	e218857c0dd49cceb2220c545d10c2a5	s3://ribothrypsis-samples-jan
date	source_dir	file_name	file_size	md5sum	bucket
Tue Apr  7 20:21:28 EDT 2020	/home/joppelt/projects/ribothrypsis/samples/sc-RCS.dRNA-Seq.REL3.1	sc-RCS.dRNA-Seq.REL3.1.tar.gz	468	e61c461eaac2ec7bb9dc167a767dc375	s3://ribothrypsis-samples-jan
date	source_dir	file_name	file_size	md5sum	bucket
Tue Apr  7 20:21:30 EDT 2020	/home/joppelt/projects/ribothrypsis/samples/sc-RCS.dRNA-Seq.REL5.long.REL3.long.1	sc-RCS.dRNA-Seq.REL5.long.REL3.long.1.tar.gz	10056754	19721359a43339c1ffaed9ac9f36b0c7	s3://ribothrypsis-samples-jan
date	source_dir	file_name	file_size	md5sum	bucket
Tue Apr  7 20:21:32 EDT 2020	/home/joppelt/projects/ribothrypsis/samples/sc-RCS.dRNA-Seq.REL5.long.REL3.long.atail.1	sc-RCS.dRNA-Seq.REL5.long.REL3.long.atail.1.tar.gz	28244918	6375fba27e2ab7c49930c65932ed015f	s3://ribothrypsis-samples-jan
date	source_dir	file_name	file_size	md5sum	bucket
Tue Apr  7 20:23:29 EDT 2020	/home/joppelt/projects/ribothrypsis/samples/sc.RiboSeq.tcpseq.Syo1.RS	sc.RiboSeq.tcpseq.Syo1.RS.tar.gz	2936518149	c7ab4ddea691b6b6ff70fefec9410614	s3://ribothrypsis-samples-jan
date	source_dir	file_name	file_size	md5sum	bucket
Tue Apr  7 20:29:40 EDT 2020	/home/joppelt/projects/ribothrypsis/samples/sc.RiboSeq.tcpseq.Syo1.SSU	sc.RiboSeq.tcpseq.Syo1.SSU.tar.gz	4955405418	0ddb9d5239bc6d77fa010afa872f469d	s3://ribothrypsis-samples-jan
date	source_dir	file_name	file_size	md5sum	bucket
Tue Apr  7 20:34:43 EDT 2020	/home/joppelt/projects/ribothrypsis/samples/sc.RiboSeq.tcpseq.WT.input	sc.RiboSeq.tcpseq.WT.input.tar.gz	5088696884	9393aefc91e88ecd5f93875c4f5b782c	s3://ribothrypsis-samples-jan
date	source_dir	file_name	file_size	md5sum	bucket
Tue Apr  7 20:43:29 EDT 2020	/home/joppelt/projects/ribothrypsis/samples/sc.RiboSeq.tcpseq.WT.RS	sc.RiboSeq.tcpseq.WT.RS.tar.gz	6530645626	19608f6828b58137359979c66a85e8c4	s3://ribothrypsis-samples-jan
date	source_dir	file_name	file_size	md5sum	bucket
Tue Apr  7 20:54:48 EDT 2020	/home/joppelt/projects/ribothrypsis/samples/sc.RiboSeq.tcpseq.WT.SSU	sc.RiboSeq.tcpseq.WT.SSU.tar.gz	8610584028	51648c9ce8bc34b1d00f3374454f706c	s3://ribothrypsis-samples-jan
------------------------------------------
Backup of:
hsa.dRNASeq.CEPH1463.polyA.1
hsa.dRNASeq.HeLa.total.REL3.long.1
hsa.PARE.Hela.siGL2_siXRN1.1
hsa.PARE.Hela.siGL2_siXRN1.2
hsa.PARE.Hela.siSMG6_siXRN1.1
hsa.PARE.Hela.siSMG6_siXRN1.2
Backup started on: Sun Apr 12 11:22:46 EDT 2020
Backup to: s3://ribothrypsis-samples-manolis
date	source_dir	file_name	file_size	md5sum	bucket
Sun Apr 12 13:40:00 EDT 2020	/home/mns/workspace/projects/ribothrypsis/samples/hsa.dRNASeq.CEPH1463.polyA.1	hsa.dRNASeq.CEPH1463.polyA.1.tar.gz	95267990664	8febba8347df46ea5f01c582e723f467	s3://ribothrypsis-samples-manolis
date	source_dir	file_name	file_size	md5sum	bucket
Sun Apr 12 14:14:33 EDT 2020	/home/mns/workspace/projects/ribothrypsis/samples/hsa.dRNASeq.HeLa.total.REL3.long.1	hsa.dRNASeq.HeLa.total.REL3.long.1.tar.gz	671508952	461157edbe5edbc4ce3a6c5117a445ba	s3://ribothrypsis-samples-manolis
date	source_dir	file_name	file_size	md5sum	bucket
Sun Apr 12 14:34:38 EDT 2020	/home/mns/workspace/projects/ribothrypsis/samples/hsa.PARE.Hela.siGL2_siXRN1.1	hsa.PARE.Hela.siGL2_siXRN1.1.tar.gz	23613071257	b29a4fe3ac72a146f32afbc9c01f0400	s3://ribothrypsis-samples-manolis
date	source_dir	file_name	file_size	md5sum	bucket
Sun Apr 12 14:47:53 EDT 2020	/home/mns/workspace/projects/ribothrypsis/samples/hsa.PARE.Hela.siGL2_siXRN1.2	hsa.PARE.Hela.siGL2_siXRN1.2.tar.gz	5103515568	9f0bb5408ba8154dbeecfebc9b200fbb	s3://ribothrypsis-samples-manolis
date	source_dir	file_name	file_size	md5sum	bucket
Sun Apr 12 15:09:33 EDT 2020	/home/mns/workspace/projects/ribothrypsis/samples/hsa.PARE.Hela.siSMG6_siXRN1.1	hsa.PARE.Hela.siSMG6_siXRN1.1.tar.gz	24782877815	e1cf0feec3252dfc9f0bc67c78604e0d	s3://ribothrypsis-samples-manolis
date	source_dir	file_name	file_size	md5sum	bucket
Sun Apr 12 15:43:22 EDT 2020	/home/mns/workspace/projects/ribothrypsis/samples/hsa.PARE.Hela.siSMG6_siXRN1.2	hsa.PARE.Hela.siSMG6_siXRN1.2.tar.gz	28360644433	fb58592091516edcf19f9c61b474840b	s3://ribothrypsis-samples-manolis
