------------------------------------------
Backup of:
20190409_1941_hsa-dRNASeq-HeLa-polyA-PNK-REL5-1/guppy/reads.fastq.gz
20191104-hsa.dRNASeq.HeLa.total.REL3.2/guppy/reads.fastq.gz
20191111-hsa.dRNASeq.HeLa.total.REL3.3/guppy/reads.fastq.gz
20191203-hsa.dRNASeq.HeLa.total.REL5.long.REL3.1/guppy/reads.fastq.gz
20191206-hsa.dRNASeq.HeLa.total.REL5.long.REL3.2/guppy/reads.fastq.gz
20191210-hsa.dRNASeq.HeLa.total.REL5.long.REL3.3.a/guppy/reads.fastq.gz
20191213-hsa.dRNASeq.HeLa.total.REL5.long.REL3.4/guppy/reads.fastq.gz
20200109-hsa.dRNASeq.293T.polyA.XRN1KO.Clow.5OH.REL5.long.1/guppy/reads.fastq.gz
20200110-hsa.dRNASeq.HeLa.total.REL5.long.REL3.5/guppy/reads.fastq.gz
20200114-hsa-dRNASeq.293T.polyA.XRN1KO.CHi.REL5.long.1/guppy/reads.fastq.gz
20200114-hsa-dRNASeq.293T.polyA.XRN1KO.REL5.long.1/guppy/reads.fastq.gz
20200129-hsa.dRNASeq.HeLa.total.REL5.long.REL3.6/guppy/reads.fastq.gz
20200129-hsa.dRNASeq.HeLa.total.REL5.long.REL3.7/guppy/reads.fastq.gz
20200131-hsa.dRNASeq.HeLa.polyA.CIP.decap.REL5.long.2.a/guppy/reads.fastq.gz
20200131-hsa.dRNASeq.HeLa.polyA.CIP.decap.REL5.long.2.b/guppy/reads.fastq.gz
20200206-hsa-dRNASeq.293T.polyA.XRN1KO.REL5.long.1/guppy/reads.fastq.gz
20200211-hsa.dRNASeq.HeLa.polyA.CIP.decap.REL5.long.3/guppy/reads.fastq.gz
20200219-hsa.dRNASeq.HeLa.total.REL5.long.REL3.8/guppy/reads.fastq.gz
20200219-hsa.dRNASeq.HeLa.total.REL5.long.REL3.9/guppy/reads.fastq.gz
20200227-hsa.dRNASeq.HeLa.total.REL5.long.REL3.10/guppy/reads.fastq.gz
new_guppy/20180420_1610_RNA_Control/guppy/reads.fastq.gz
new_guppy/20180601_1847_RNA_Control_RL3/guppy/reads.fastq.gz
new_guppy/20180613_1856_hsa-dRNASeq-HeLa-Total-A3RL5-1/guppy/reads.fastq.gz
new_guppy/20180620_1930_hsa-dRNASeq-HeLa-Total-REL3-1/guppy/reads.fastq.gz
new_guppy/20190109_1933_hsa-dRNASeq-HeLa-Total-REL3-REL5-1/guppy/reads.fastq.gz
new_guppy/20190304_2301_hsa-dRNASeq-HeLa-polyA-REL5-1/guppy/reads.fastq.gz
new_guppy/20190409_1941_hsa-dRNASeq-HeLa-polyA-PNK-REL5-1/guppy/reads.fastq.gz
new_guppy/20190419_dRNASeq-HeLa-polyA-ladder/guppy/reads.fastq.gz
new_guppy/20190515-hsa.dRNASeq.HeLa.polyA.REL5.long/guppy/reads.fastq.gz
new_guppy/20190531-hsa.dRNASeq.HeLa.polyA.REL5OH.long/guppy/reads.fastq.gz
new_guppy/20190607-hsa.dRNASeq.HeLa.polyA.decap.REL5.long/guppy/reads.fastq.gz
new_guppy/20190614-hsa.dRNASeq.HeLa.polyA.CIP.decap.REL5.long/guppy/reads.fastq.gz
new_guppy/20190628-hsa.dRNASeq.HeLa.total.REL3.long.1/guppy/reads.fastq.gz
new_guppy/20190829-hsa.dRNASeq.HeLa.polyA.REL3.long.atail/guppy/reads.fastq.gz
new_guppy/20190906-hsa.dRNASeq.HeLa.total.REL3.long.atail.1/guppy/reads.fastq.gz
new_guppy/20190912-hsa.dRNASeq.HeLa.total.REL3.long.atail.2.a/guppy/reads.fastq.gz
new_guppy/20190920-hsa.dRNASeq.HeLa.total.REL3.long.atail.2.b/guppy/reads.fastq.gz
new_guppy/20190926-hsa.dRNASeq.HeLa.total.REL3.long.2.a/guppy/reads.fastq.gz
new_guppy/20191001-hsa.dRNASeq.HeLa.total.REL3.long.2.b/guppy/reads.fastq.gz
new_guppy/20191023-sc.dRNASeq.RCS.REL5.long.REL3.atail/guppy/reads.fastq.gz
new_guppy/20191023-sc.dRNASeq.RCS.REL5.long.REL3.long/guppy/reads.fastq.gz
Backup started on: Mon Apr  6 17:47:31 EDT 2020
Backup to: s3://ribothrypsis-data-nanopore
date	source_dir	file_name	file_size	md5sum	bucket
Mon Apr  6 17:48:24 EDT 2020	/home/joppelt/projects/ribothrypsis/data/minion/20191104-hsa.dRNASeq.HeLa.total.REL3.2/guppy/reads.fastq.gz	20191104-hsa.dRNASeq.HeLa.total.REL3.2-reads.fastq.gz	1697463665	9fc8663ae5b2fb2d1d6fb7f258e71229	s3://ribothrypsis-data-nanopore
date	source_dir	file_name	file_size	md5sum	bucket
Mon Apr  6 17:48:30 EDT 2020	/home/joppelt/projects/ribothrypsis/data/minion/20191111-hsa.dRNASeq.HeLa.total.REL3.3/guppy/reads.fastq.gz	20191111-hsa.dRNASeq.HeLa.total.REL3.3-reads.fastq.gz	2108629263	418db27f73caafe3038954b3a0fe592a	s3://ribothrypsis-data-nanopore
date	source_dir	file_name	file_size	md5sum	bucket
Mon Apr  6 17:48:35 EDT 2020	/home/joppelt/projects/ribothrypsis/data/minion/20191203-hsa.dRNASeq.HeLa.total.REL5.long.REL3.1/guppy/reads.fastq.gz	20191203-hsa.dRNASeq.HeLa.total.REL5.long.REL3.1-reads.fastq.gz	865244557	71f97f08f398a93c344b2effc6a35b7a	s3://ribothrypsis-data-nanopore
date	source_dir	file_name	file_size	md5sum	bucket
Mon Apr  6 17:48:38 EDT 2020	/home/joppelt/projects/ribothrypsis/data/minion/20191206-hsa.dRNASeq.HeLa.total.REL5.long.REL3.2/guppy/reads.fastq.gz	20191206-hsa.dRNASeq.HeLa.total.REL5.long.REL3.2-reads.fastq.gz	141946044	71a4f5f28b8cdd2d784dc044be2e1877	s3://ribothrypsis-data-nanopore
date	source_dir	file_name	file_size	md5sum	bucket
Mon Apr  6 17:48:39 EDT 2020	/home/joppelt/projects/ribothrypsis/data/minion/20191210-hsa.dRNASeq.HeLa.total.REL5.long.REL3.3.a/guppy/reads.fastq.gz	20191210-hsa.dRNASeq.HeLa.total.REL5.long.REL3.3.a-reads.fastq.gz	122035644	8413079cf60e563515c0f83041486434	s3://ribothrypsis-data-nanopore
date	source_dir	file_name	file_size	md5sum	bucket
Mon Apr  6 17:48:40 EDT 2020	/home/joppelt/projects/ribothrypsis/data/minion/20191213-hsa.dRNASeq.HeLa.total.REL5.long.REL3.4/guppy/reads.fastq.gz	20191213-hsa.dRNASeq.HeLa.total.REL5.long.REL3.4-reads.fastq.gz	962822830	3b57e6ae30c4654c53dac532cea5973b	s3://ribothrypsis-data-nanopore
date	source_dir	file_name	file_size	md5sum	bucket
Mon Apr  6 17:48:42 EDT 2020	/home/joppelt/projects/ribothrypsis/data/minion/20200109-hsa.dRNASeq.293T.polyA.XRN1KO.Clow.5OH.REL5.long.1/guppy/reads.fastq.gz	20200109-hsa.dRNASeq.293T.polyA.XRN1KO.Clow.5OH.REL5.long.1-reads.fastq.gz	36341372	da8195c2351fc9ffe8e1f7acedd81ba1	s3://ribothrypsis-data-nanopore
date	source_dir	file_name	file_size	md5sum	bucket
Mon Apr  6 17:48:44 EDT 2020	/home/joppelt/projects/ribothrypsis/data/minion/20200110-hsa.dRNASeq.HeLa.total.REL5.long.REL3.5/guppy/reads.fastq.gz	20200110-hsa.dRNASeq.HeLa.total.REL5.long.REL3.5-reads.fastq.gz	159268113	f41b959f476b24b09b4c8044c0b481a9	s3://ribothrypsis-data-nanopore
date	source_dir	file_name	file_size	md5sum	bucket
Mon Apr  6 17:49:00 EDT 2020	/home/joppelt/projects/ribothrypsis/data/minion/20200114-hsa-dRNASeq.293T.polyA.XRN1KO.CHi.REL5.long.1/guppy/reads.fastq.gz	20200114-hsa-dRNASeq.293T.polyA.XRN1KO.CHi.REL5.long.1-reads.fastq.gz	1296343344	e4bc652736ce926def24f974486de4dd	s3://ribothrypsis-data-nanopore
date	source_dir	file_name	file_size	md5sum	bucket
Mon Apr  6 17:49:27 EDT 2020	/home/joppelt/projects/ribothrypsis/data/minion/20200114-hsa-dRNASeq.293T.polyA.XRN1KO.REL5.long.1/guppy/reads.fastq.gz	20200114-hsa-dRNASeq.293T.polyA.XRN1KO.REL5.long.1-reads.fastq.gz	1909859111	187f89c47cd4228b8624cb85857e130f	s3://ribothrypsis-data-nanopore
date	source_dir	file_name	file_size	md5sum	bucket
Mon Apr  6 17:49:31 EDT 2020	/home/joppelt/projects/ribothrypsis/data/minion/20200129-hsa.dRNASeq.HeLa.total.REL5.long.REL3.6/guppy/reads.fastq.gz	20200129-hsa.dRNASeq.HeLa.total.REL5.long.REL3.6-reads.fastq.gz	17226081	3d549fd323de49d3b4c8de84c63f567a	s3://ribothrypsis-data-nanopore
date	source_dir	file_name	file_size	md5sum	bucket
Mon Apr  6 17:49:31 EDT 2020	/home/joppelt/projects/ribothrypsis/data/minion/20200129-hsa.dRNASeq.HeLa.total.REL5.long.REL3.7/guppy/reads.fastq.gz	20200129-hsa.dRNASeq.HeLa.total.REL5.long.REL3.7-reads.fastq.gz	36948353	b8745c5dbca99df999c9b39c350ebbf6	s3://ribothrypsis-data-nanopore
date	source_dir	file_name	file_size	md5sum	bucket
Mon Apr  6 17:49:33 EDT 2020	/home/joppelt/projects/ribothrypsis/data/minion/20200131-hsa.dRNASeq.HeLa.polyA.CIP.decap.REL5.long.2.a/guppy/reads.fastq.gz	20200131-hsa.dRNASeq.HeLa.polyA.CIP.decap.REL5.long.2.a-reads.fastq.gz	1231491919	0642eeeeff8b36a541d36a28224b8d16	s3://ribothrypsis-data-nanopore
date	source_dir	file_name	file_size	md5sum	bucket
Mon Apr  6 17:49:42 EDT 2020	/home/joppelt/projects/ribothrypsis/data/minion/20200131-hsa.dRNASeq.HeLa.polyA.CIP.decap.REL5.long.2.b/guppy/reads.fastq.gz	20200131-hsa.dRNASeq.HeLa.polyA.CIP.decap.REL5.long.2.b-reads.fastq.gz	1436268866	dc73c3df7ee3fc182fee75d7a7c6f1dc	s3://ribothrypsis-data-nanopore
date	source_dir	file_name	file_size	md5sum	bucket
Mon Apr  6 17:49:46 EDT 2020	/home/joppelt/projects/ribothrypsis/data/minion/20200206-hsa-dRNASeq.293T.polyA.XRN1KO.REL5.long.1/guppy/reads.fastq.gz	20200206-hsa-dRNASeq.293T.polyA.XRN1KO.REL5.long.1-reads.fastq.gz	775668063	2d6b42d489e045153475bf6291350921	s3://ribothrypsis-data-nanopore
date	source_dir	file_name	file_size	md5sum	bucket
Mon Apr  6 17:49:48 EDT 2020	/home/joppelt/projects/ribothrypsis/data/minion/20200211-hsa.dRNASeq.HeLa.polyA.CIP.decap.REL5.long.3/guppy/reads.fastq.gz	20200211-hsa.dRNASeq.HeLa.polyA.CIP.decap.REL5.long.3-reads.fastq.gz	231964656	030d7c11b1df3fad5c33aaed40ffbd1b	s3://ribothrypsis-data-nanopore
date	source_dir	file_name	file_size	md5sum	bucket
Mon Apr  6 17:49:48 EDT 2020	/home/joppelt/projects/ribothrypsis/data/minion/20200219-hsa.dRNASeq.HeLa.total.REL5.long.REL3.8/guppy/reads.fastq.gz	20200219-hsa.dRNASeq.HeLa.total.REL5.long.REL3.8-reads.fastq.gz	18765798	062b5bc228895799535082e05bbd12ff	s3://ribothrypsis-data-nanopore
date	source_dir	file_name	file_size	md5sum	bucket
Mon Apr  6 17:49:48 EDT 2020	/home/joppelt/projects/ribothrypsis/data/minion/20200219-hsa.dRNASeq.HeLa.total.REL5.long.REL3.9/guppy/reads.fastq.gz	20200219-hsa.dRNASeq.HeLa.total.REL5.long.REL3.9-reads.fastq.gz	15882747	422b40e9b34c45c67b28470b1e75a52d	s3://ribothrypsis-data-nanopore
date	source_dir	file_name	file_size	md5sum	bucket
Mon Apr  6 17:49:50 EDT 2020	/home/joppelt/projects/ribothrypsis/data/minion/20200227-hsa.dRNASeq.HeLa.total.REL5.long.REL3.10/guppy/reads.fastq.gz	20200227-hsa.dRNASeq.HeLa.total.REL5.long.REL3.10-reads.fastq.gz	749278270	32bfba433b4b9b2febef0f009d2dacbf	s3://ribothrypsis-data-nanopore
date	source_dir	file_name	file_size	md5sum	bucket
Mon Apr  6 17:49:51 EDT 2020	/home/joppelt/projects/ribothrypsis/data/minion//20180420_1610_RNA_Control/guppy/reads.fastq.gz	20180420_1610_RNA_Control-reads.fastq.gz	83960989	0bc51616164ffa028e808d8328161352	s3://ribothrypsis-data-nanopore
date	source_dir	file_name	file_size	md5sum	bucket
Mon Apr  6 17:49:52 EDT 2020	/home/joppelt/projects/ribothrypsis/data/minion//20180601_1847_RNA_Control_RL3/guppy/reads.fastq.gz	20180601_1847_RNA_Control_RL3-reads.fastq.gz	11543429	070aef1df81cc301f3ac87a6547f96ae	s3://ribothrypsis-data-nanopore
date	source_dir	file_name	file_size	md5sum	bucket
Mon Apr  6 17:49:52 EDT 2020	/home/joppelt/projects/ribothrypsis/data/minion//20180613_1856_hsa-dRNASeq-HeLa-Total-A3RL5-1/guppy/reads.fastq.gz	20180613_1856_hsa-dRNASeq-HeLa-Total-A3RL5-1-reads.fastq.gz	1678484	5811a3c5f254ba2d4362c7de5a947a2e	s3://ribothrypsis-data-nanopore
date	source_dir	file_name	file_size	md5sum	bucket
Mon Apr  6 17:49:52 EDT 2020	/home/joppelt/projects/ribothrypsis/data/minion//20180620_1930_hsa-dRNASeq-HeLa-Total-REL3-1/guppy/reads.fastq.gz	20180620_1930_hsa-dRNASeq-HeLa-Total-REL3-1-reads.fastq.gz	343609332	054bd03582c5a45044fa918c2be0dbae	s3://ribothrypsis-data-nanopore
date	source_dir	file_name	file_size	md5sum	bucket
Mon Apr  6 17:49:53 EDT 2020	/home/joppelt/projects/ribothrypsis/data/minion//20190109_1933_hsa-dRNASeq-HeLa-Total-REL3-REL5-1/guppy/reads.fastq.gz	20190109_1933_hsa-dRNASeq-HeLa-Total-REL3-REL5-1-reads.fastq.gz	96325003	2e2fc3bd31a490ecc87dd72fa19719d2	s3://ribothrypsis-data-nanopore
date	source_dir	file_name	file_size	md5sum	bucket
Mon Apr  6 17:50:02 EDT 2020	/home/joppelt/projects/ribothrypsis/data/minion//20190304_2301_hsa-dRNASeq-HeLa-polyA-REL5-1/guppy/reads.fastq.gz	20190304_2301_hsa-dRNASeq-HeLa-polyA-REL5-1-reads.fastq.gz	2644997672	32ce94852ffd9f43c70c090d9bec1755	s3://ribothrypsis-data-nanopore
date	source_dir	file_name	file_size	md5sum	bucket
Mon Apr  6 17:50:16 EDT 2020	/home/joppelt/projects/ribothrypsis/data/minion//20190409_1941_hsa-dRNASeq-HeLa-polyA-PNK-REL5-1/guppy/reads.fastq.gz	20190409_1941_hsa-dRNASeq-HeLa-polyA-PNK-REL5-1-reads.fastq.gz	2759927532	6a3f22ffac78363df0458102e18e5ed7	s3://ribothrypsis-data-nanopore
date	source_dir	file_name	file_size	md5sum	bucket
Mon Apr  6 17:50:29 EDT 2020	/home/joppelt/projects/ribothrypsis/data/minion//20190419_dRNASeq-HeLa-polyA-ladder/guppy/reads.fastq.gz	20190419_dRNASeq-HeLa-polyA-ladder-reads.fastq.gz	2317348130	97512da6dba876cf193d5b263b4906d3	s3://ribothrypsis-data-nanopore
date	source_dir	file_name	file_size	md5sum	bucket
Mon Apr  6 17:50:38 EDT 2020	/home/joppelt/projects/ribothrypsis/data/minion//20190515-hsa.dRNASeq.HeLa.polyA.REL5.long/guppy/reads.fastq.gz	20190515-hsa.dRNASeq.HeLa.polyA.REL5.long-reads.fastq.gz	3185969413	8d4978ec78a873e07cfc76229cbe6952	s3://ribothrypsis-data-nanopore
date	source_dir	file_name	file_size	md5sum	bucket
Mon Apr  6 17:50:48 EDT 2020	/home/joppelt/projects/ribothrypsis/data/minion//20190531-hsa.dRNASeq.HeLa.polyA.REL5OH.long/guppy/reads.fastq.gz	20190531-hsa.dRNASeq.HeLa.polyA.REL5OH.long-reads.fastq.gz	2501014308	7c55fe23429d158fb4691dd771fb2cc3	s3://ribothrypsis-data-nanopore
date	source_dir	file_name	file_size	md5sum	bucket
Mon Apr  6 17:50:57 EDT 2020	/home/joppelt/projects/ribothrypsis/data/minion//20190607-hsa.dRNASeq.HeLa.polyA.decap.REL5.long/guppy/reads.fastq.gz	20190607-hsa.dRNASeq.HeLa.polyA.decap.REL5.long-reads.fastq.gz	1188756973	d2212d733dbc572ab577ef7d837fb9b0	s3://ribothrypsis-data-nanopore
date	source_dir	file_name	file_size	md5sum	bucket
Mon Apr  6 17:51:09 EDT 2020	/home/joppelt/projects/ribothrypsis/data/minion//20190614-hsa.dRNASeq.HeLa.polyA.CIP.decap.REL5.long/guppy/reads.fastq.gz	20190614-hsa.dRNASeq.HeLa.polyA.CIP.decap.REL5.long-reads.fastq.gz	2630794301	2a3a7dca8cdd9f69f3ebcf97e86633f1	s3://ribothrypsis-data-nanopore
date	source_dir	file_name	file_size	md5sum	bucket
Mon Apr  6 17:51:14 EDT 2020	/home/joppelt/projects/ribothrypsis/data/minion//20190628-hsa.dRNASeq.HeLa.total.REL3.long.1/guppy/reads.fastq.gz	20190628-hsa.dRNASeq.HeLa.total.REL3.long.1-reads.fastq.gz	153111661	76af33122e1c2075d9f6677cc684966d	s3://ribothrypsis-data-nanopore
date	source_dir	file_name	file_size	md5sum	bucket
Mon Apr  6 17:51:16 EDT 2020	/home/joppelt/projects/ribothrypsis/data/minion//20190829-hsa.dRNASeq.HeLa.polyA.REL3.long.atail/guppy/reads.fastq.gz	20190829-hsa.dRNASeq.HeLa.polyA.REL3.long.atail-reads.fastq.gz	880846844	f9af61a16e19d5d1da7b76ae064ca043	s3://ribothrypsis-data-nanopore
date	source_dir	file_name	file_size	md5sum	bucket
Mon Apr  6 17:51:19 EDT 2020	/home/joppelt/projects/ribothrypsis/data/minion//20190906-hsa.dRNASeq.HeLa.total.REL3.long.atail.1/guppy/reads.fastq.gz	20190906-hsa.dRNASeq.HeLa.total.REL3.long.atail.1-reads.fastq.gz	401983023	e2ae7ab136cb24d39c7b3cb4252cabca	s3://ribothrypsis-data-nanopore
date	source_dir	file_name	file_size	md5sum	bucket
Mon Apr  6 17:51:28 EDT 2020	/home/joppelt/projects/ribothrypsis/data/minion//20190912-hsa.dRNASeq.HeLa.total.REL3.long.atail.2.a/guppy/reads.fastq.gz	20190912-hsa.dRNASeq.HeLa.total.REL3.long.atail.2.a-reads.fastq.gz	1008242673	34fe6b15e2255400c91e0dbaa338dd79	s3://ribothrypsis-data-nanopore
date	source_dir	file_name	file_size	md5sum	bucket
Mon Apr  6 17:51:32 EDT 2020	/home/joppelt/projects/ribothrypsis/data/minion//20190920-hsa.dRNASeq.HeLa.total.REL3.long.atail.2.b/guppy/reads.fastq.gz	20190920-hsa.dRNASeq.HeLa.total.REL3.long.atail.2.b-reads.fastq.gz	850075721	7569c7ce6ea7cea46b8fae64029e4970	s3://ribothrypsis-data-nanopore
date	source_dir	file_name	file_size	md5sum	bucket
Mon Apr  6 17:51:33 EDT 2020	/home/joppelt/projects/ribothrypsis/data/minion//20190926-hsa.dRNASeq.HeLa.total.REL3.long.2.a/guppy/reads.fastq.gz	20190926-hsa.dRNASeq.HeLa.total.REL3.long.2.a-reads.fastq.gz	3559886	29ce69e87d7344a587db690cc74c9806	s3://ribothrypsis-data-nanopore
date	source_dir	file_name	file_size	md5sum	bucket
Mon Apr  6 17:51:33 EDT 2020	/home/joppelt/projects/ribothrypsis/data/minion//20191001-hsa.dRNASeq.HeLa.total.REL3.long.2.b/guppy/reads.fastq.gz	20191001-hsa.dRNASeq.HeLa.total.REL3.long.2.b-reads.fastq.gz	43042485	290ef13c21b36f345f7418ce06a625eb	s3://ribothrypsis-data-nanopore
date	source_dir	file_name	file_size	md5sum	bucket
Mon Apr  6 17:51:34 EDT 2020	/home/joppelt/projects/ribothrypsis/data/minion//20191023-sc.dRNASeq.RCS.REL5.long.REL3.atail/guppy/reads.fastq.gz	20191023-sc.dRNASeq.RCS.REL5.long.REL3.atail-reads.fastq.gz	5251052	87f9217f8c06536f653a7d91fca139db	s3://ribothrypsis-data-nanopore
date	source_dir	file_name	file_size	md5sum	bucket
Mon Apr  6 17:51:34 EDT 2020	/home/joppelt/projects/ribothrypsis/data/minion//20191023-sc.dRNASeq.RCS.REL5.long.REL3.long/guppy/reads.fastq.gz	20191023-sc.dRNASeq.RCS.REL5.long.REL3.long-reads.fastq.gz	2075470	8019c9bbdb1c490a76ee3092ad3fca3f	s3://ribothrypsis-data-nanopore
